<?xml version="1.0" encoding="UTF-8"?>
<!-- Generated by org.testng.reporters.JUnitXMLReporter -->
<testsuite ignored="0" hostname="DevendraS-130398" failures="0" tests="4" name="Default test" time="46.882" errors="0" timestamp="09 Mar 2024 22:30:56 GMT">
  <testcase classname="com.crm.qa.testcases.NewCartcreationPageTest" name="verifyhomepage" time="2.018"/>
  <testcase classname="com.crm.qa.testcases.NewCartcreationPageTest" name="verifyCartListingpage" time="6.638"/>
  <testcase classname="com.crm.qa.testcases.NewCartcreationPageTest" name="ClickonNewCartButton" time="7.699"/>
  <testcase classname="com.crm.qa.testcases.NewCartcreationPageTest" name="CartCreationPossitiveflow" time="13.837"/>
</testsuite> <!-- Default test -->
