<?xml version="1.0" encoding="UTF-8"?>
<!-- Generated by org.testng.reporters.JUnitXMLReporter -->
<testsuite ignored="0" hostname="Cargo-IT001" failures="0" tests="5" name="Default test" time="43.49" errors="0" timestamp="08 Mar 2024 13:21:11 GMT">
  <testcase classname="com.crm.qa.testcases.LoginPageTest" name="invalidLogin" time="3.478"/>
  <testcase classname="com.crm.qa.testcases.LoginPageTest" name="invalidUser" time="3.238"/>
  <testcase classname="com.crm.qa.testcases.LoginPageTest" name="invalidPass" time="3.243"/>
  <testcase classname="com.crm.qa.testcases.LoginPageTest" name="noCredentials" time="3.208"/>
  <testcase classname="com.crm.qa.testcases.LoginPageTest" name="loginTest" time="5.287"/>
</testsuite> <!-- Default test -->
