<?xml version="1.0" encoding="UTF-8"?>
<testng-results ignored="0" total="1" passed="1" failed="0" skipped="0">
  <reporter-output>
  </reporter-output>
  <suite started-at="2024-03-13T10:56:49Z" name="Default suite" finished-at="2024-03-13T10:57:44Z" duration-ms="54899">
    <groups>
    </groups>
    <test started-at="2024-03-13T10:56:49Z" name="Default test" finished-at="2024-03-13T10:57:44Z" duration-ms="54899">
      <class name="com.crm.qa.testcases.Void_AWBPageTest">
        <test-method is-config="true" signature="setUp()[pri:0, instance:com.crm.qa.testcases.Void_AWBPageTest@432038ec]" started-at="2024-03-13T16:26:49Z" name="setUp" finished-at="2024-03-13T16:27:02Z" duration-ms="12396" status="PASS">
          <reporter-output>
          </reporter-output>
        </test-method> <!-- setUp -->
        <test-method signature="Maintain_AWB_Reporcessflow()[pri:3, instance:com.crm.qa.testcases.Void_AWBPageTest@432038ec]" started-at="2024-03-13T16:27:02Z" name="Maintain_AWB_Reporcessflow" finished-at="2024-03-13T16:27:44Z" duration-ms="42195" status="PASS">
          <reporter-output>
          </reporter-output>
        </test-method> <!-- Maintain_AWB_Reporcessflow -->
        <test-method is-config="true" signature="tearDown()[pri:0, instance:com.crm.qa.testcases.Void_AWBPageTest@432038ec]" started-at="2024-03-13T16:27:44Z" name="tearDown" finished-at="2024-03-13T16:27:44Z" duration-ms="281" status="PASS">
          <reporter-output>
          </reporter-output>
        </test-method> <!-- tearDown -->
      </class> <!-- com.crm.qa.testcases.Void_AWBPageTest -->
    </test> <!-- Default test -->
  </suite> <!-- Default suite -->
</testng-results>
