<?xml version="1.0" encoding="UTF-8"?>
<testng-results ignored="0" total="6" passed="6" failed="0" skipped="0">
  <reporter-output>
  </reporter-output>
  <suite started-at="2024-03-13T20:29:40Z" name="Default suite" finished-at="2024-03-13T20:33:11Z" duration-ms="211148">
    <groups>
    </groups>
    <test started-at="2024-03-13T20:29:40Z" name="Default test" finished-at="2024-03-13T20:33:11Z" duration-ms="211148">
      <class name="com.crm.qa.testcases.D2D_BookingPageTest">
        <test-method is-config="true" signature="setUp()[pri:0, instance:com.crm.qa.testcases.D2D_BookingPageTest@35645047]" started-at="2024-03-14T01:59:40Z" name="setUp" finished-at="2024-03-14T01:59:42Z" duration-ms="2388" status="PASS">
          <reporter-output>
          </reporter-output>
        </test-method> <!-- setUp -->
        <test-method signature="verifyhomepage()[pri:1, instance:com.crm.qa.testcases.D2D_BookingPageTest@35645047]" started-at="2024-03-14T01:59:42Z" name="verifyhomepage" finished-at="2024-03-14T01:59:45Z" duration-ms="3032" status="PASS">
          <reporter-output>
          </reporter-output>
        </test-method> <!-- verifyhomepage -->
        <test-method is-config="true" signature="tearDown()[pri:0, instance:com.crm.qa.testcases.D2D_BookingPageTest@35645047]" started-at="2024-03-14T01:59:45Z" name="tearDown" finished-at="2024-03-14T01:59:46Z" duration-ms="149" status="PASS">
          <reporter-output>
          </reporter-output>
        </test-method> <!-- tearDown -->
        <test-method is-config="true" signature="setUp()[pri:0, instance:com.crm.qa.testcases.D2D_BookingPageTest@35645047]" started-at="2024-03-14T01:59:46Z" name="setUp" finished-at="2024-03-14T01:59:48Z" duration-ms="2017" status="PASS">
          <reporter-output>
          </reporter-output>
        </test-method> <!-- setUp -->
        <test-method signature="verifyD2D_Booking_gpage()[pri:2, instance:com.crm.qa.testcases.D2D_BookingPageTest@35645047]" started-at="2024-03-14T01:59:48Z" name="verifyD2D_Booking_gpage" finished-at="2024-03-14T01:59:54Z" duration-ms="5992" status="PASS">
          <reporter-output>
          </reporter-output>
        </test-method> <!-- verifyD2D_Booking_gpage -->
        <test-method is-config="true" signature="tearDown()[pri:0, instance:com.crm.qa.testcases.D2D_BookingPageTest@35645047]" started-at="2024-03-14T01:59:54Z" name="tearDown" finished-at="2024-03-14T01:59:54Z" duration-ms="210" status="PASS">
          <reporter-output>
          </reporter-output>
        </test-method> <!-- tearDown -->
        <test-method is-config="true" signature="setUp()[pri:0, instance:com.crm.qa.testcases.D2D_BookingPageTest@35645047]" started-at="2024-03-14T01:59:54Z" name="setUp" finished-at="2024-03-14T01:59:56Z" duration-ms="2109" status="PASS">
          <reporter-output>
          </reporter-output>
        </test-method> <!-- setUp -->
        <test-method signature="D2D_Warehouse_To_Warehouse_flow()[pri:3, instance:com.crm.qa.testcases.D2D_BookingPageTest@35645047]" started-at="2024-03-14T01:59:56Z" name="D2D_Warehouse_To_Warehouse_flow" finished-at="2024-03-14T02:00:41Z" duration-ms="45201" status="PASS">
          <reporter-output>
          </reporter-output>
        </test-method> <!-- D2D_Warehouse_To_Warehouse_flow -->
        <test-method is-config="true" signature="tearDown()[pri:0, instance:com.crm.qa.testcases.D2D_BookingPageTest@35645047]" started-at="2024-03-14T02:00:41Z" name="tearDown" finished-at="2024-03-14T02:00:41Z" duration-ms="248" status="PASS">
          <reporter-output>
          </reporter-output>
        </test-method> <!-- tearDown -->
        <test-method is-config="true" signature="setUp()[pri:0, instance:com.crm.qa.testcases.D2D_BookingPageTest@35645047]" started-at="2024-03-14T02:00:41Z" name="setUp" finished-at="2024-03-14T02:00:43Z" duration-ms="1988" status="PASS">
          <reporter-output>
          </reporter-output>
        </test-method> <!-- setUp -->
        <test-method signature="D2DBooking_Prepaid_Gen_Warehouse_to_Warehouse_flow()[pri:4, instance:com.crm.qa.testcases.D2D_BookingPageTest@35645047]" started-at="2024-03-14T02:00:43Z" name="D2DBooking_Prepaid_Gen_Warehouse_to_Warehouse_flow" finished-at="2024-03-14T02:01:28Z" duration-ms="44660" status="PASS">
          <reporter-output>
          </reporter-output>
        </test-method> <!-- D2DBooking_Prepaid_Gen_Warehouse_to_Warehouse_flow -->
        <test-method is-config="true" signature="tearDown()[pri:0, instance:com.crm.qa.testcases.D2D_BookingPageTest@35645047]" started-at="2024-03-14T02:01:28Z" name="tearDown" finished-at="2024-03-14T02:01:28Z" duration-ms="232" status="PASS">
          <reporter-output>
          </reporter-output>
        </test-method> <!-- tearDown -->
        <test-method is-config="true" signature="setUp()[pri:0, instance:com.crm.qa.testcases.D2D_BookingPageTest@35645047]" started-at="2024-03-14T02:01:28Z" name="setUp" finished-at="2024-03-14T02:01:30Z" duration-ms="2006" status="PASS">
          <reporter-output>
          </reporter-output>
        </test-method> <!-- setUp -->
        <test-method signature="D2DBooking_Po_Mail_S_Warehouse_to_Warehouse_flow()[pri:5, instance:com.crm.qa.testcases.D2D_BookingPageTest@35645047]" started-at="2024-03-14T02:01:30Z" name="D2DBooking_Po_Mail_S_Warehouse_to_Warehouse_flow" finished-at="2024-03-14T02:02:15Z" duration-ms="44682" status="PASS">
          <reporter-output>
          </reporter-output>
        </test-method> <!-- D2DBooking_Po_Mail_S_Warehouse_to_Warehouse_flow -->
        <test-method is-config="true" signature="tearDown()[pri:0, instance:com.crm.qa.testcases.D2D_BookingPageTest@35645047]" started-at="2024-03-14T02:02:15Z" name="tearDown" finished-at="2024-03-14T02:02:15Z" duration-ms="198" status="PASS">
          <reporter-output>
          </reporter-output>
        </test-method> <!-- tearDown -->
        <test-method is-config="true" signature="setUp()[pri:0, instance:com.crm.qa.testcases.D2D_BookingPageTest@35645047]" started-at="2024-03-14T02:02:15Z" name="setUp" finished-at="2024-03-14T02:02:17Z" duration-ms="1995" status="PASS">
          <reporter-output>
          </reporter-output>
        </test-method> <!-- setUp -->
        <test-method signature="D2DBooking_Walking_Gen_Warehouse_to_Warehouse_flow()[pri:6, instance:com.crm.qa.testcases.D2D_BookingPageTest@35645047]" started-at="2024-03-14T02:02:17Z" name="D2DBooking_Walking_Gen_Warehouse_to_Warehouse_flow" finished-at="2024-03-14T02:03:11Z" duration-ms="53779" status="PASS">
          <reporter-output>
          </reporter-output>
        </test-method> <!-- D2DBooking_Walking_Gen_Warehouse_to_Warehouse_flow -->
        <test-method is-config="true" signature="tearDown()[pri:0, instance:com.crm.qa.testcases.D2D_BookingPageTest@35645047]" started-at="2024-03-14T02:03:11Z" name="tearDown" finished-at="2024-03-14T02:03:11Z" duration-ms="229" status="PASS">
          <reporter-output>
          </reporter-output>
        </test-method> <!-- tearDown -->
      </class> <!-- com.crm.qa.testcases.D2D_BookingPageTest -->
    </test> <!-- Default test -->
  </suite> <!-- Default suite -->
</testng-results>
